\BOOKMARK [0][-]{chapter.1}{Introduction}{}% 1
\BOOKMARK [1][-]{section.1.1}{Research Objectives}{chapter.1}% 2
\BOOKMARK [0][-]{chapter.2}{Modern Operating System Concepts}{}% 3
\BOOKMARK [1][-]{section.2.1}{Operating System Architectures}{chapter.2}% 4
\BOOKMARK [2][-]{subsection.2.1.1}{Monolithic Architectures}{section.2.1}% 5
\BOOKMARK [2][-]{subsection.2.1.2}{Microkernel Architectures}{section.2.1}% 6
\BOOKMARK [2][-]{subsection.2.1.3}{Layered Architectures}{section.2.1}% 7
\BOOKMARK [2][-]{subsection.2.1.4}{Hybrid Architectures}{section.2.1}% 8
\BOOKMARK [2][-]{subsection.2.1.5}{The Linux Kernel's Monolithic Architecture}{section.2.1}% 9
\BOOKMARK [2][-]{subsection.2.1.6}{The Zircon Kernel's Microkernel Architecture}{section.2.1}% 10
\BOOKMARK [1][-]{section.2.2}{System Calls}{chapter.2}% 11
\BOOKMARK [2][-]{subsection.2.2.1}{System Calls in Linux}{section.2.2}% 12
\BOOKMARK [2][-]{subsection.2.2.2}{System Calls in Zircon}{section.2.2}% 13
\BOOKMARK [1][-]{section.2.3}{Processes and Threads}{chapter.2}% 14
\BOOKMARK [2][-]{subsection.2.3.1}{Processes}{section.2.3}% 15
\BOOKMARK [2][-]{subsection.2.3.2}{Threads}{section.2.3}% 16
\BOOKMARK [2][-]{subsection.2.3.3}{Processes and Threads in Linux}{section.2.3}% 17
\BOOKMARK [2][-]{subsection.2.3.4}{Processes and Threads in Zircon}{section.2.3}% 18
\BOOKMARK [1][-]{section.2.4}{Synchronization and Inter Process Communication}{chapter.2}% 19
\BOOKMARK [2][-]{subsection.2.4.1}{Synchronization}{section.2.4}% 20
\BOOKMARK [2][-]{subsection.2.4.2}{Inter Process Communication}{section.2.4}% 21
\BOOKMARK [2][-]{subsection.2.4.3}{Synchronization and IPC in Linux}{section.2.4}% 22
\BOOKMARK [2][-]{subsection.2.4.4}{Synchronization and IPC in Zircon}{section.2.4}% 23
\BOOKMARK [1][-]{section.2.5}{Scheduling}{chapter.2}% 24
\BOOKMARK [2][-]{subsection.2.5.1}{Scheduling in Linux}{section.2.5}% 25
\BOOKMARK [2][-]{subsection.2.5.2}{Scheduling in Zircon}{section.2.5}% 26
\BOOKMARK [1][-]{section.2.6}{Memory Management}{chapter.2}% 27
\BOOKMARK [2][-]{subsection.2.6.1}{Address Space}{section.2.6}% 28
\BOOKMARK [2][-]{subsection.2.6.2}{Virtual Memory}{section.2.6}% 29
\BOOKMARK [2][-]{subsection.2.6.3}{Memory Management in Linux}{section.2.6}% 30
\BOOKMARK [2][-]{subsection.2.6.4}{Memory Management in Zircon}{section.2.6}% 31
\BOOKMARK [1][-]{section.2.7}{I/O}{chapter.2}% 32
\BOOKMARK [2][-]{subsection.2.7.1}{Memory Mapped I/O}{section.2.7}% 33
\BOOKMARK [2][-]{subsection.2.7.2}{Direct Memory Access}{section.2.7}% 34
\BOOKMARK [2][-]{subsection.2.7.3}{Interrupts in I/O Devices}{section.2.7}% 35
\BOOKMARK [2][-]{subsection.2.7.4}{I/O in Linux and Zircon}{section.2.7}% 36
\BOOKMARK [1][-]{section.2.8}{Summary - Concepts in Linux and Zircon}{chapter.2}% 37
\BOOKMARK [0][-]{chapter.3}{Case Study: Driver Development in Linux and Zircon}{}% 38
\BOOKMARK [1][-]{section.3.1}{Linux Driver Model}{chapter.3}% 39
\BOOKMARK [1][-]{section.3.2}{Zircon Driver Model}{chapter.3}% 40
\BOOKMARK [1][-]{section.3.3}{Development Setup}{chapter.3}% 41
\BOOKMARK [2][-]{subsection.3.3.1}{Hardware Selection}{section.3.3}% 42
\BOOKMARK [2][-]{subsection.3.3.2}{Software Development Setup}{section.3.3}% 43
\BOOKMARK [1][-]{section.3.4}{General Driver Concept}{chapter.3}% 44
\BOOKMARK [1][-]{section.3.5}{Linux}{chapter.3}% 45
\BOOKMARK [2][-]{subsection.3.5.1}{Driver Implementation}{section.3.5}% 46
\BOOKMARK [1][-]{section.3.6}{Zircon}{chapter.3}% 47
\BOOKMARK [2][-]{subsection.3.6.1}{Driver}{section.3.6}% 48
\BOOKMARK [2][-]{subsection.3.6.2}{PDev Driver}{section.3.6}% 49
\BOOKMARK [2][-]{subsection.3.6.3}{User Application}{section.3.6}% 50
\BOOKMARK [1][-]{section.3.7}{Evaluation}{chapter.3}% 51
\BOOKMARK [0][-]{chapter.4}{Conclusion}{}% 52
\BOOKMARK [0][-]{chapter.5}{Outlook}{}% 53
